# JRE version: Java(TM) SE Runtime Environment (7.0_79-b15) (build 1.7.0_79-b15)
# Java VM: Java HotSpot(TM) 64-Bit Server VM (24.79-b02 mixed mode windows-amd64 compressed oops)
Heap
 PSYoungGen      total 264192K, used 70914K [0x00000007d5e80000, 0x00000007e8800000, 0x0000000800000000)
  eden space 235008K, 17% used [0x00000007d5e80000,0x00000007d8769408,0x00000007e4400000)
  from space 29184K, 99% used [0x00000007e4e80000,0x00000007e6ad7458,0x00000007e6b00000)
  to   space 29696K, 0% used [0x00000007e6b00000,0x00000007e6b00000,0x00000007e8800000)
 ParOldGen       total 86016K, used 37063K [0x0000000781c00000, 0x0000000787000000, 0x00000007d5e80000)
  object space 86016K, 43% used [0x0000000781c00000,0x0000000784031db8,0x0000000787000000)
 PSPermGen       total 54784K, used 54620K [0x000000077ca00000, 0x000000077ff80000, 0x0000000781c00000)
  object space 54784K, 99% used [0x000000077ca00000,0x000000077ff573b0,0x000000077ff80000)
GC Heap History (10 events):
Event: 3.382 GC heap before
{Heap before GC invocations=5 (full 0):
 PSYoungGen      total 71680K, used 71656K [0x00000007d5e80000, 0x00000007da980000, 0x0000000800000000)
  eden space 66560K, 100% used [0x00000007d5e80000,0x00000007d9f80000,0x00000007d9f80000)
  from space 5120K, 99% used [0x00000007da480000,0x00000007da97a190,0x00000007da980000)
  to   space 5120K, 0% used [0x00000007d9f80000,0x00000007d9f80000,0x00000007da480000)
 ParOldGen       total 86016K, used 6376K [0x0000000781c00000, 0x0000000787000000, 0x00000007d5e80000)
  object space 86016K, 7% used [0x0000000781c00000,0x000000078223a138,0x0000000787000000)
 PSPermGen       total 21504K, used 17002K [0x000000077ca00000, 0x000000077df00000, 0x0000000781c00000)
  object space 21504K, 79% used [0x000000077ca00000,0x000000077da9a8b8,0x000000077df00000)
Event: 3.392 GC heap after
Heap after GC invocations=5 (full 0):
 PSYoungGen      total 71680K, used 5112K [0x00000007d5e80000, 0x00000007df780000, 0x0000000800000000)
  eden space 66560K, 0% used [0x00000007d5e80000,0x00000007d5e80000,0x00000007d9f80000)
  from space 5120K, 99% used [0x00000007d9f80000,0x00000007da47e010,0x00000007da480000)
  to   space 11776K, 0% used [0x00000007dec00000,0x00000007dec00000,0x00000007df780000)
 ParOldGen       total 86016K, used 12055K [0x0000000781c00000, 0x0000000787000000, 0x00000007d5e80000)
  object space 86016K, 14% used [0x0000000781c00000,0x00000007827c5f18,0x0000000787000000)
 PSPermGen       total 21504K, used 17002K [0x000000077ca00000, 0x000000077df00000, 0x0000000781c00000)
  object space 21504K, 79% used [0x000000077ca00000,0x000000077da9a8b8,0x000000077df00000)
}
Event: 4.355 GC heap before
{Heap before GC invocations=6 (full 0):
 PSYoungGen      total 71680K, used 71672K [0x00000007d5e80000, 0x00000007df780000, 0x0000000800000000)
  eden space 66560K, 100% used [0x00000007d5e80000,0x00000007d9f80000,0x00000007d9f80000)
  from space 5120K, 99% used [0x00000007d9f80000,0x00000007da47e010,0x00000007da480000)
  to   space 11776K, 0% used [0x00000007dec00000,0x00000007dec00000,0x00000007df780000)
 ParOldGen       total 86016K, used 12055K [0x0000000781c00000, 0x0000000787000000, 0x00000007d5e80000)
  object space 86016K, 14% used [0x0000000781c00000,0x00000007827c5f18,0x0000000787000000)
 PSPermGen       total 21504K, used 21002K [0x000000077ca00000, 0x000000077df00000, 0x0000000781c00000)
  object space 21504K, 97% used [0x000000077ca00000,0x000000077de82948,0x000000077df00000)
Event: 4.373 GC heap after
Heap after GC invocations=6 (full 0):
 PSYoungGen      total 137728K, used 11756K [0x00000007d5e80000, 0x00000007e0580000, 0x0000000800000000)
  eden space 125952K, 0% used [0x00000007d5e80000,0x00000007d5e80000,0x00000007dd980000)
  from space 11776K, 99% used [0x00000007dec00000,0x00000007df77b0e8,0x00000007df780000)
  to   space 18944K, 0% used [0x00000007dd980000,0x00000007dd980000,0x00000007dec00000)
 ParOldGen       total 86016K, used 21984K [0x0000000781c00000, 0x0000000787000000, 0x00000007d5e80000)
  object space 86016K, 25% used [0x0000000781c00000,0x0000000783178038,0x0000000787000000)
 PSPermGen       total 21504K, used 21002K [0x000000077ca00000, 0x000000077df00000, 0x0000000781c00000)
  object space 21504K, 97% used [0x000000077ca00000,0x000000077de82948,0x000000077df00000)
}
Event: 7.542 GC heap before
{Heap before GC invocations=7 (full 0):
 PSYoungGen      total 137728K, used 137708K [0x00000007d5e80000, 0x00000007e0580000, 0x0000000800000000)
  eden space 125952K, 100% used [0x00000007d5e80000,0x00000007dd980000,0x00000007dd980000)
  from space 11776K, 99% used [0x00000007dec00000,0x00000007df77b0e8,0x00000007df780000)
  to   space 18944K, 0% used [0x00000007dd980000,0x00000007dd980000,0x00000007dec00000)
 ParOldGen       total 86016K, used 21984K [0x0000000781c00000, 0x0000000787000000, 0x00000007d5e80000)
  object space 86016K, 25% used [0x0000000781c00000,0x0000000783178038,0x0000000787000000)
 PSPermGen       total 27648K, used 27334K [0x000000077ca00000, 0x000000077e500000, 0x0000000781c00000)
  object space 27648K, 98% used [0x000000077ca00000,0x000000077e4b1870,0x000000077e500000)
Event: 7.563 GC heap after
Heap after GC invocations=7 (full 0):
 PSYoungGen      total 144896K, used 18920K [0x00000007d5e80000, 0x00000007e8380000, 0x0000000800000000)
  eden space 125952K, 0% used [0x00000007d5e80000,0x00000007d5e80000,0x00000007dd980000)
  from space 18944K, 99% used [0x00000007dd980000,0x00000007debfa3e8,0x00000007dec00000)
  to   space 24064K, 0% used [0x00000007e6c00000,0x00000007e6c00000,0x00000007e8380000)
 ParOldGen       total 86016K, used 25359K [0x0000000781c00000, 0x0000000787000000, 0x00000007d5e80000)
  object space 86016K, 29% used [0x0000000781c00000,0x00000007834c3ee0,0x0000000787000000)
 PSPermGen       total 27648K, used 27334K [0x000000077ca00000, 0x000000077e500000, 0x0000000781c00000)
  object space 27648K, 98% used [0x000000077ca00000,0x000000077e4b1870,0x000000077e500000)
}
Event: 9.272 GC heap before
{Heap before GC invocations=8 (full 0):
 PSYoungGen      total 144896K, used 144872K [0x00000007d5e80000, 0x00000007e8380000, 0x0000000800000000)
  eden space 125952K, 100% used [0x00000007d5e80000,0x00000007dd980000,0x00000007dd980000)
  from space 18944K, 99% used [0x00000007dd980000,0x00000007debfa3e8,0x00000007dec00000)
  to   space 24064K, 0% used [0x00000007e6c00000,0x00000007e6c00000,0x00000007e8380000)
 ParOldGen       total 86016K, used 25359K [0x0000000781c00000, 0x0000000787000000, 0x00000007d5e80000)
  object space 86016K, 29% used [0x0000000781c00000,0x00000007834c3ee0,0x0000000787000000)
 PSPermGen       total 40448K, used 40333K [0x000000077ca00000, 0x000000077f180000, 0x0000000781c00000)
  object space 40448K, 99% used [0x000000077ca00000,0x000000077f1634e8,0x000000077f180000)
Event: 9.299 GC heap after
Heap after GC invocations=8 (full 0):
 PSYoungGen      total 269824K, used 24046K [0x00000007d5e80000, 0x00000007e8f80000, 0x0000000800000000)
  eden space 245760K, 0% used [0x00000007d5e80000,0x00000007d5e80000,0x00000007e4e80000)
  from space 24064K, 99% used [0x00000007e6c00000,0x00000007e837bb30,0x00000007e8380000)
  to   space 30208K, 0% used [0x00000007e4e80000,0x00000007e4e80000,0x00000007e6c00000)
 ParOldGen       total 86016K, used 30242K [0x0000000781c00000, 0x0000000787000000, 0x00000007d5e80000)
  object space 86016K, 35% used [0x0000000781c00000,0x0000000783988a80,0x0000000787000000)
 PSPermGen       total 40448K, used 40333K [0x000000077ca00000, 0x000000077f180000, 0x0000000781c00000)
  object space 40448K, 99% used [0x000000077ca00000,0x000000077f1634e8,0x000000077f180000)
}
Event: 12111.193 GC heap before
{Heap before GC invocations=9 (full 0):
 PSYoungGen      total 269824K, used 269806K [0x00000007d5e80000, 0x00000007e8f80000, 0x0000000800000000)
  eden space 245760K, 100% used [0x00000007d5e80000,0x00000007e4e80000,0x00000007e4e80000)
  from space 24064K, 99% used [0x00000007e6c00000,0x00000007e837bb30,0x00000007e8380000)
  to   space 30208K, 0% used [0x00000007e4e80000,0x00000007e4e80000,0x00000007e6c00000)
 ParOldGen       total 86016K, used 30242K [0x0000000781c00000, 0x0000000787000000, 0x00000007d5e80000)
  object space 86016K, 35% used [0x0000000781c00000,0x0000000783988a80,0x0000000787000000)
 PSPermGen       total 53248K, used 52852K [0x000000077ca00000, 0x000000077fe00000, 0x0000000781c00000)
  object space 53248K, 99% used [0x000000077ca00000,0x000000077fd9d258,0x000000077fe00000)
Event: 12111.229 GC heap after
Heap after GC invocations=9 (full 0):
 PSYoungGen      total 264192K, used 29021K [0x00000007d5e80000, 0x00000007e8800000, 0x0000000800000000)
  eden space 235008K, 0% used [0x00000007d5e80000,0x00000007d5e80000,0x00000007e4400000)
  from space 29184K, 99% used [0x00000007e4e80000,0x00000007e6ad7458,0x00000007e6b00000)
  to   space 29696K, 0% used [0x00000007e6b00000,0x00000007e6b00000,0x00000007e8800000)
 ParOldGen       total 86016K, used 37063K [0x0000000781c00000, 0x0000000787000000, 0x00000007d5e80000)
  object space 86016K, 43% used [0x0000000781c00000,0x0000000784031db8,0x0000000787000000)
 PSPermGen       total 53248K, used 52852K [0x000000077ca00000, 0x000000077fe00000, 0x0000000781c00000)
  object space 53248K, 99% used [0x000000077ca00000,0x000000077fd9d258,0x000000077fe00000)
}

